生成启动时间为 2016/7/18 11:03:35。
     1>项目“E:\LTEV2X\LTEV2X\LTEV2X.vcxproj”在节点 2 上(Build 个目标)。
     1>ClCompile:
         E:\Visual Studio 2015\VC\bin\x86_amd64\CL.exe /c /ZI /nologo /W3 /WX- /sdl /Od /D _MBCS /Gm /EHsc /RTC1 /MDd /GS /fp:precise /Zc:wchar_t /Zc:forScope /Zc:inline /Fo"x64\Debug\\" /Fd"x64\Debug\vc140.pdb" /Gd /TP /errorReport:prompt blas1_z.cpp eNB.cpp Event.cpp FileOutput.cpp Global.cpp linpack_z.cpp main.cpp Numerical.cpp RSU.cpp Schedule.cpp System.cpp ToString.cpp Utility.cpp VUE.cpp
         VUE.cpp
         Utility.cpp
         ToString.cpp
         System.cpp
         Schedule.cpp
         RSU.cpp
         Numerical.cpp
         main.cpp
         linpack_z.cpp
         Global.cpp
         FileOutput.cpp
         Event.cpp
         eNB.cpp
         blas1_z.cpp
         正在生成代码...
       Link:
         E:\Visual Studio 2015\VC\bin\x86_amd64\link.exe /ERRORREPORT:PROMPT /OUT:"E:\LTEV2X\x64\Debug\LTEV2X.exe" /INCREMENTAL /NOLOGO kernel32.lib user32.lib gdi32.lib winspool.lib comdlg32.lib advapi32.lib shell32.lib ole32.lib oleaut32.lib uuid.lib odbc32.lib odbccp32.lib /MANIFEST /MANIFESTUAC:"level='asInvoker' uiAccess='false'" /manifest:embed /Debug /PDB:"E:\LTEV2X\x64\Debug\LTEV2X.pdb" /TLBID:1 /DYNAMICBASE /NXCOMPAT /IMPLIB:"E:\LTEV2X\x64\Debug\LTEV2X.lib" /MACHINE:X64 x64\Debug\blas1_z.obj
         x64\Debug\eNB.obj
         x64\Debug\Event.obj
         x64\Debug\FileOutput.obj
         x64\Debug\Global.obj
         x64\Debug\linpack_z.obj
         x64\Debug\main.obj
         x64\Debug\Numerical.obj
         x64\Debug\RSU.obj
         x64\Debug\Schedule.obj
         x64\Debug\System.obj
         x64\Debug\ToString.obj
         x64\Debug\Utility.obj
         x64\Debug\VUE.obj
         LTEV2X.vcxproj -> E:\LTEV2X\x64\Debug\LTEV2X.exe
     1>已完成生成项目“E:\LTEV2X\LTEV2X\LTEV2X.vcxproj”(Build 个目标)的操作。

已成功生成。

已用时间 00:00:11.21
